Using pre-set license
Built from '2020.3/staging' branch; Version is '2020.3.8f1 (507919d4fff5) revision 5273881'; Using compiler version '192528614'; Build Type 'Release'
OS: 'Windows 10 Home; OS build 19042.1052; Version 2009; 64bit' Language: 'pt' Physical Memory: 8071 MB
BatchMode: 1, IsHumanControllingUs: 0, StartBugReporterOnCrash: 0, Is64bit: 1, IsPro: 0

 COMMAND LINE ARGUMENTS:
C:\Program Files\Unity\Hub\Editor\2020.3.8f1\Editor\Unity.exe
-adb2
-batchMode
-noUpm
-name
AssetImportWorker0
-projectPath
C:/Users/Pardo pardoso/Desktop/GameJam-2021
-logFile
Logs/AssetImportWorker0.log
-srvPort
50819
Successfully changed project path to: C:/Users/Pardo pardoso/Desktop/GameJam-2021
C:/Users/Pardo pardoso/Desktop/GameJam-2021
Using Asset Import Pipeline V2.
Refreshing native plugins compatible for Editor in 102.30 ms, found 0 plugins.
Preloading 0 native plugins for Editor in 0.00 ms.
Initialize engine version: 2020.3.8f1 (507919d4fff5)
[Subsystems] Discovering subsystems at path C:/Program Files/Unity/Hub/Editor/2020.3.8f1/Editor/Data/Resources/UnitySubsystems
[Subsystems] Discovering subsystems at path C:/Users/Pardo pardoso/Desktop/GameJam-2021/Assets
GfxDevice: creating device client; threaded=0
Direct3D:
    Version:  Direct3D 11.0 [level 11.0]
    Renderer: Intel(R) HD Graphics 4000 (ID=0x166)
    Vendor:   
    VRAM:     128 MB
    Driver:   10.18.10.4358
Initialize mono
Mono path[0] = 'C:/Program Files/Unity/Hub/Editor/2020.3.8f1/Editor/Data/Managed'
Mono path[1] = 'C:/Program Files/Unity/Hub/Editor/2020.3.8f1/Editor/Data/MonoBleedingEdge/lib/mono/unityjit'
Mono config path = 'C:/Program Files/Unity/Hub/Editor/2020.3.8f1/Editor/Data/MonoBleedingEdge/etc'
Using monoOptions --debugger-agent=transport=dt_socket,embedding=1,server=y,suspend=n,address=127.0.0.1:56696
Begin MonoManager ReloadAssembly
Registering precompiled unity dll's ...
Register platform support module: C:/Program Files/Unity/Hub/Editor/2020.3.8f1/Editor/Data/PlaybackEngines/WindowsStandaloneSupport/UnityEditor.WindowsStandalone.Extensions.dll
Registered in 0.002969 seconds.
Native extension for WindowsStandalone target not found
Refreshing native plugins compatible for Editor in 81.89 ms, found 0 plugins.
Preloading 0 native plugins for Editor in 0.00 ms.
Mono: successfully reloaded assembly
- Completed reload, in  2.871 seconds
Platform modules already initialized, skipping
Registering precompiled user dll's ...
Registered in 0.003334 seconds.
Begin MonoManager ReloadAssembly
Native extension for WindowsStandalone target not found
Refreshing native plugins compatible for Editor in 1.01 ms, found 0 plugins.
Preloading 0 native plugins for Editor in 0.00 ms.
Mono: successfully reloaded assembly
- Completed reload, in  1.611 seconds
Platform modules already initialized, skipping
========================================================================
Worker process is ready to serve import requests
Launched and connected shader compiler UnityShaderCompiler.exe after 0.25 seconds
Refreshing native plugins compatible for Editor in 1.87 ms, found 0 plugins.
Preloading 0 native plugins for Editor in 0.00 ms.
Unloading 1934 Unused Serialized files (Serialized files now loaded: 0)
System memory in use before: 161.1 MB.
System memory in use after: 161.2 MB.

Unloading 51 unused Assets to reduce memory usage. Loaded Objects now: 2357.
Total: 9.316400 ms (FindLiveObjects: 0.384100 ms CreateObjectMapping: 0.129100 ms MarkObjects: 8.537800 ms  DeleteObjects: 0.262600 ms)

========================================================================
Received Import Request.
  path: Assets/Scripts/TriggerTutorial.cs
  artifactKey: Guid(688e4418f39e5b643a81994bc1a6ae7e) Importer(815301076,1909f56bfc062723c751e8b465ee728b)
Start importing Assets/Scripts/TriggerTutorial.cs using Guid(688e4418f39e5b643a81994bc1a6ae7e) Importer(815301076,1909f56bfc062723c751e8b465ee728b)  -> (artifact id: '3d83f5d355403f2106c170b8f5ceeb7a') in 0.077712 seconds
  Import took 0.083141 seconds .

========================================================================
Received Prepare
Registering precompiled user dll's ...
Registered in 0.011227 seconds.
Begin MonoManager ReloadAssembly
Native extension for WindowsStandalone target not found
Refreshing native plugins compatible for Editor in 1.41 ms, found 0 plugins.
Preloading 0 native plugins for Editor in 0.00 ms.
Mono: successfully reloaded assembly
- Completed reload, in  1.810 seconds
Platform modules already initialized, skipping
Refreshing native plugins compatible for Editor in 1.53 ms, found 0 plugins.
Preloading 0 native plugins for Editor in 0.00 ms.
Unloading 1896 Unused Serialized files (Serialized files now loaded: 0)
System memory in use before: 158.9 MB.
System memory in use after: 158.9 MB.

Unloading 42 unused Assets to reduce memory usage. Loaded Objects now: 2360.
Total: 10.279500 ms (FindLiveObjects: 0.385600 ms CreateObjectMapping: 0.134900 ms MarkObjects: 9.578600 ms  DeleteObjects: 0.177500 ms)

========================================================================
Received Import Request.
  Time since last request: 808.928230 seconds.
  path: Assets/Scenes/Oficiais/InitialScreen 1.unity
  artifactKey: Guid(6ad76cf4134309042905a124e05d0e51) Importer(815301076,1909f56bfc062723c751e8b465ee728b)
Start importing Assets/Scenes/Oficiais/InitialScreen 1.unity using Guid(6ad76cf4134309042905a124e05d0e51) Importer(815301076,1909f56bfc062723c751e8b465ee728b)  -> (artifact id: 'abcc934646266a2e3122a355f92fd519') in 0.077497 seconds
  Import took 0.105922 seconds .

========================================================================
Received Import Request.
  Time since last request: 50.683669 seconds.
  path: Assets/Textures/tutorialRoom.png
  artifactKey: Guid(0d9ba968d9b2231439acf0d31c974dfd) Importer(815301076,1909f56bfc062723c751e8b465ee728b)
Start importing Assets/Textures/tutorialRoom.png using Guid(0d9ba968d9b2231439acf0d31c974dfd) Importer(815301076,1909f56bfc062723c751e8b465ee728b)  -> (artifact id: '0a614c1b0089b45b7d674018e5c912ed') in 0.171399 seconds
  Import took 0.195109 seconds .

========================================================================
Received Import Request.
  Time since last request: 0.024222 seconds.
  path: Assets/Textures/tutorialRoom.png
  artifactKey: Guid(0d9ba968d9b2231439acf0d31c974dfd) Importer(815301076,1909f56bfc062723c751e8b465ee728b)
Start importing Assets/Textures/tutorialRoom.png using Guid(0d9ba968d9b2231439acf0d31c974dfd) Importer(815301076,1909f56bfc062723c751e8b465ee728b)  -> (artifact id: '0a614c1b0089b45b7d674018e5c912ed') in 0.053740 seconds
  Import took 0.060893 seconds .

========================================================================
Received Import Request.
  Time since last request: 3.760272 seconds.
  path: Assets/Textures/tutorialRoom.png
  artifactKey: Guid(0d9ba968d9b2231439acf0d31c974dfd) Importer(815301076,1909f56bfc062723c751e8b465ee728b)
Start importing Assets/Textures/tutorialRoom.png using Guid(0d9ba968d9b2231439acf0d31c974dfd) Importer(815301076,1909f56bfc062723c751e8b465ee728b)  -> (artifact id: '65972e1c9df3d57c9097cfded4d0207e') in 0.169378 seconds
  Import took 0.176429 seconds .

========================================================================
Received Import Request.
  Time since last request: 5.530702 seconds.
  path: Assets/Textures/Tela Inicial/0005_ghost-house.png
  artifactKey: Guid(7a5815a894e9e4e47a1c93535da5ff74) Importer(815301076,1909f56bfc062723c751e8b465ee728b)
Start importing Assets/Textures/Tela Inicial/0005_ghost-house.png using Guid(7a5815a894e9e4e47a1c93535da5ff74) Importer(815301076,1909f56bfc062723c751e8b465ee728b)  -> (artifact id: 'ef90de714c8d8966b6429da1e33338db') in 0.088636 seconds
  Import took 0.095239 seconds .

========================================================================
Received Import Request.
  Time since last request: 0.000317 seconds.
  path: Assets/Textures/VFX/DustMote.png
  artifactKey: Guid(394e93ce356b57344903a08ff72fcab2) Importer(815301076,1909f56bfc062723c751e8b465ee728b)
Start importing Assets/Textures/VFX/DustMote.png using Guid(394e93ce356b57344903a08ff72fcab2) Importer(815301076,1909f56bfc062723c751e8b465ee728b)  -> (artifact id: 'a3e0e7acb6353fcd8816fb9ea810b651') in 0.109546 seconds
  Import took 0.115768 seconds .

========================================================================
Received Import Request.
  Time since last request: 0.000342 seconds.
  path: Assets/Textures/Tela Inicial/exit.png
  artifactKey: Guid(9c5a2a568a71ccd49a15f5d7aa3de24c) Importer(815301076,1909f56bfc062723c751e8b465ee728b)
Start importing Assets/Textures/Tela Inicial/exit.png using Guid(9c5a2a568a71ccd49a15f5d7aa3de24c) Importer(815301076,1909f56bfc062723c751e8b465ee728b)  -> (artifact id: 'e2da0bf2962b83622dd77242c3af4959') in 0.033713 seconds
  Import took 0.039280 seconds .

========================================================================
Received Import Request.
  Time since last request: 0.000305 seconds.
  path: Assets/Textures/Tela Inicial/logo.png
  artifactKey: Guid(6bc1b3a6850742e46b0e7c7ddf5a8516) Importer(815301076,1909f56bfc062723c751e8b465ee728b)
Start importing Assets/Textures/Tela Inicial/logo.png using Guid(6bc1b3a6850742e46b0e7c7ddf5a8516) Importer(815301076,1909f56bfc062723c751e8b465ee728b)  -> (artifact id: '54a108f6baacf4b486babeb8fe4748ef') in 0.126311 seconds
  Import took 0.131406 seconds .

========================================================================
Received Import Request.
  Time since last request: 0.000615 seconds.
  path: Assets/Textures/UI/Caught.png
  artifactKey: Guid(85d46c7add1129741a0d78fadba6998e) Importer(815301076,1909f56bfc062723c751e8b465ee728b)
Start importing Assets/Textures/UI/Caught.png using Guid(85d46c7add1129741a0d78fadba6998e) Importer(815301076,1909f56bfc062723c751e8b465ee728b)  -> (artifact id: '5bbc95edf1e6f035145f4c1a46a77f53') in 0.241273 seconds
  Import took 0.266875 seconds .

========================================================================
Received Import Request.
  Time since last request: 0.071075 seconds.
  path: Assets/Textures/UI/Caught.png
  artifactKey: Guid(85d46c7add1129741a0d78fadba6998e) Importer(815301076,1909f56bfc062723c751e8b465ee728b)
Start importing Assets/Textures/UI/Caught.png using Guid(85d46c7add1129741a0d78fadba6998e) Importer(815301076,1909f56bfc062723c751e8b465ee728b)  -> (artifact id: '5bbc95edf1e6f035145f4c1a46a77f53') in 0.068916 seconds
  Import took 0.079835 seconds .

========================================================================
Received Import Request.
  Time since last request: 110.430504 seconds.
  path: Assets/Fonts/Dark-BlackD.otf
  artifactKey: Guid(8dfc3efe28c8b464eb127689b962d329) Importer(815301076,1909f56bfc062723c751e8b465ee728b)
Start importing Assets/Fonts/Dark-BlackD.otf using Guid(8dfc3efe28c8b464eb127689b962d329) Importer(815301076,1909f56bfc062723c751e8b465ee728b)  -> (artifact id: '1266cbbf36db14fe85bc6ae07277633c') in 0.632813 seconds
  Import took 0.639285 seconds .

========================================================================
Received Import Request.
  Time since last request: 0.004489 seconds.
  path: Assets/Fonts/Dark-BlackD.otf
  artifactKey: Guid(8dfc3efe28c8b464eb127689b962d329) Importer(815301076,1909f56bfc062723c751e8b465ee728b)
Start importing Assets/Fonts/Dark-BlackD.otf using Guid(8dfc3efe28c8b464eb127689b962d329) Importer(815301076,1909f56bfc062723c751e8b465ee728b)  -> (artifact id: '1266cbbf36db14fe85bc6ae07277633c') in 0.019833 seconds
  Import took 0.026097 seconds .

========================================================================
Received Import Request.
  Time since last request: 410.451662 seconds.
  path: Assets/Textures/wasd.png
  artifactKey: Guid(ad26aac445d793945a4b8e01359b896d) Importer(815301076,1909f56bfc062723c751e8b465ee728b)
Start importing Assets/Textures/wasd.png using Guid(ad26aac445d793945a4b8e01359b896d) Importer(815301076,1909f56bfc062723c751e8b465ee728b)  -> (artifact id: 'a0a87393fb98bc1fa6bda667da8a71db') in 0.046649 seconds
  Import took 0.054610 seconds .

========================================================================
Received Import Request.
  Time since last request: 0.003326 seconds.
  path: Assets/Textures/wasd.png
  artifactKey: Guid(ad26aac445d793945a4b8e01359b896d) Importer(815301076,1909f56bfc062723c751e8b465ee728b)
Start importing Assets/Textures/wasd.png using Guid(ad26aac445d793945a4b8e01359b896d) Importer(815301076,1909f56bfc062723c751e8b465ee728b)  -> (artifact id: 'a0a87393fb98bc1fa6bda667da8a71db') in 0.024306 seconds
  Import took 0.039708 seconds .

========================================================================
Received Import Request.
  Time since last request: 3.319737 seconds.
  path: Assets/Textures/wasd.png
  artifactKey: Guid(ad26aac445d793945a4b8e01359b896d) Importer(815301076,1909f56bfc062723c751e8b465ee728b)
Start importing Assets/Textures/wasd.png using Guid(ad26aac445d793945a4b8e01359b896d) Importer(815301076,1909f56bfc062723c751e8b465ee728b)  -> (artifact id: '315f1c7c32df4f465ee109c11abbf043') in 0.037771 seconds
  Import took 0.068926 seconds .

========================================================================
Received Import Request.
  Time since last request: 4.998391 seconds.
  path: Assets/Textures/UI
  artifactKey: Guid(928dda579d528a348810256c0783d123) Importer(815301076,1909f56bfc062723c751e8b465ee728b)
Start importing Assets/Textures/UI using Guid(928dda579d528a348810256c0783d123) Importer(815301076,1909f56bfc062723c751e8b465ee728b)  -> (artifact id: 'a7a6dcd70e57ed0a8b6f72355fa2b76a') in 0.019443 seconds
  Import took 0.029543 seconds .

========================================================================
Received Import Request.
  Time since last request: 0.002559 seconds.
  path: Assets/Textures/UI
  artifactKey: Guid(928dda579d528a348810256c0783d123) Importer(815301076,1909f56bfc062723c751e8b465ee728b)
Start importing Assets/Textures/UI using Guid(928dda579d528a348810256c0783d123) Importer(815301076,1909f56bfc062723c751e8b465ee728b)  -> (artifact id: 'a7a6dcd70e57ed0a8b6f72355fa2b76a') in 0.005747 seconds
  Import took 0.015034 seconds .

========================================================================
Received Import Request.
  Time since last request: 253.664184 seconds.
  path: Assets/Textures/UI/letter_e.png
  artifactKey: Guid(0ffcc1ad8a1f8d943b70e9d4d5c64927) Importer(815301076,1909f56bfc062723c751e8b465ee728b)
Start importing Assets/Textures/UI/letter_e.png using Guid(0ffcc1ad8a1f8d943b70e9d4d5c64927) Importer(815301076,1909f56bfc062723c751e8b465ee728b)  -> (artifact id: 'fa79978b3519d8ef87a6b451a536255c') in 0.130409 seconds
  Import took 0.148747 seconds .

========================================================================
Received Import Request.
  Time since last request: 2.615572 seconds.
  path: Assets/Textures/UI/letter_e.png
  artifactKey: Guid(0ffcc1ad8a1f8d943b70e9d4d5c64927) Importer(815301076,1909f56bfc062723c751e8b465ee728b)
Start importing Assets/Textures/UI/letter_e.png using Guid(0ffcc1ad8a1f8d943b70e9d4d5c64927) Importer(815301076,1909f56bfc062723c751e8b465ee728b)  -> (artifact id: 'e9663fb0bc4d545bf0118c4a24e22eca') in 0.030949 seconds
  Import took 0.036695 seconds .

========================================================================
Received Import Request.
  Time since last request: 7.501980 seconds.
  path: Assets/Textures/Tela Inicial/play.png
  artifactKey: Guid(9a3b80d81f0c5ae4fa154cc5409a596d) Importer(815301076,1909f56bfc062723c751e8b465ee728b)
Start importing Assets/Textures/Tela Inicial/play.png using Guid(9a3b80d81f0c5ae4fa154cc5409a596d) Importer(815301076,1909f56bfc062723c751e8b465ee728b)  -> (artifact id: 'dc44d0ba9631211440891d43190cd9f0') in 0.043813 seconds
  Import took 0.050273 seconds .

========================================================================
Received Import Request.
  Time since last request: 0.000356 seconds.
  path: Assets/Textures/UI/Won.png
  artifactKey: Guid(623a7345ca6d38f4280b86c32ffe7c15) Importer(815301076,1909f56bfc062723c751e8b465ee728b)
Start importing Assets/Textures/UI/Won.png using Guid(623a7345ca6d38f4280b86c32ffe7c15) Importer(815301076,1909f56bfc062723c751e8b465ee728b)  -> (artifact id: '7f56f44765b6470bc27391e87fb138b4') in 0.143667 seconds
  Import took 0.149963 seconds .

========================================================================
Received Import Request.
  Time since last request: 0.000327 seconds.
  path: Assets/Textures/Tela Inicial/play.png
  artifactKey: Guid(9a3b80d81f0c5ae4fa154cc5409a596d) Importer(815301076,1909f56bfc062723c751e8b465ee728b)
Start importing Assets/Textures/Tela Inicial/play.png using Guid(9a3b80d81f0c5ae4fa154cc5409a596d) Importer(815301076,1909f56bfc062723c751e8b465ee728b)  -> (artifact id: 'dc44d0ba9631211440891d43190cd9f0') in 0.031232 seconds
  Import took 0.036247 seconds .

========================================================================
Received Import Request.
  Time since last request: 0.000298 seconds.
  path: Assets/Textures/UI/Won.png
  artifactKey: Guid(623a7345ca6d38f4280b86c32ffe7c15) Importer(815301076,1909f56bfc062723c751e8b465ee728b)
Start importing Assets/Textures/UI/Won.png using Guid(623a7345ca6d38f4280b86c32ffe7c15) Importer(815301076,1909f56bfc062723c751e8b465ee728b)  -> (artifact id: '7f56f44765b6470bc27391e87fb138b4') in 0.046494 seconds
  Import took 0.052743 seconds .

========================================================================
Received Prepare
Registering precompiled user dll's ...
Registered in 0.003664 seconds.
Begin MonoManager ReloadAssembly
Native extension for WindowsStandalone target not found
Refreshing native plugins compatible for Editor in 1.00 ms, found 0 plugins.
Preloading 0 native plugins for Editor in 0.00 ms.
Mono: successfully reloaded assembly
- Completed reload, in  2.280 seconds
Platform modules already initialized, skipping
Refreshing native plugins compatible for Editor in 1.68 ms, found 0 plugins.
Preloading 0 native plugins for Editor in 0.00 ms.
Unloading 1896 Unused Serialized files (Serialized files now loaded: 0)
System memory in use before: 162.4 MB.
System memory in use after: 162.5 MB.

Unloading 42 unused Assets to reduce memory usage. Loaded Objects now: 2424.
Total: 9.339500 ms (FindLiveObjects: 0.350300 ms CreateObjectMapping: 0.110000 ms MarkObjects: 8.741000 ms  DeleteObjects: 0.135000 ms)

========================================================================
Received Import Request.
  Time since last request: 544.542430 seconds.
  path: Assets/Scripts/ScreenTransition.cs
  artifactKey: Guid(3d3dbfd686de151489b0e233bdb3bbf4) Importer(815301076,1909f56bfc062723c751e8b465ee728b)
Start importing Assets/Scripts/ScreenTransition.cs using Guid(3d3dbfd686de151489b0e233bdb3bbf4) Importer(815301076,1909f56bfc062723c751e8b465ee728b)  -> (artifact id: '918ce9c45b83dd4f1cad0bbc7c2fedbf') in 0.032464 seconds
  Import took 0.037933 seconds .

========================================================================
Received Prepare
Registering precompiled user dll's ...
Registered in 0.003320 seconds.
Begin MonoManager ReloadAssembly
Native extension for WindowsStandalone target not found
Refreshing native plugins compatible for Editor in 1.31 ms, found 0 plugins.
Preloading 0 native plugins for Editor in 0.00 ms.
Mono: successfully reloaded assembly
- Completed reload, in  1.825 seconds
Platform modules already initialized, skipping
Refreshing native plugins compatible for Editor in 1.62 ms, found 0 plugins.
Preloading 0 native plugins for Editor in 0.00 ms.
Unloading 1897 Unused Serialized files (Serialized files now loaded: 0)
System memory in use before: 162.4 MB.
System memory in use after: 162.5 MB.

Unloading 42 unused Assets to reduce memory usage. Loaded Objects now: 2428.
Total: 8.819900 ms (FindLiveObjects: 0.407000 ms CreateObjectMapping: 0.141500 ms MarkObjects: 8.136900 ms  DeleteObjects: 0.132000 ms)

========================================================================
Received Import Request.
  Time since last request: 234.898263 seconds.
  path: Assets/TutorialScreen.cs
  artifactKey: Guid(2a9834693ffc8ed4e96804127a8302ec) Importer(815301076,1909f56bfc062723c751e8b465ee728b)
Start importing Assets/TutorialScreen.cs using Guid(2a9834693ffc8ed4e96804127a8302ec) Importer(815301076,1909f56bfc062723c751e8b465ee728b)  -> (artifact id: 'ef16e34eb1a87df0d2850b2654cd04bb') in 0.026287 seconds
  Import took 0.034601 seconds .

========================================================================
Received Prepare
Registering precompiled user dll's ...
Registered in 0.005083 seconds.
Begin MonoManager ReloadAssembly
Native extension for WindowsStandalone target not found
Refreshing native plugins compatible for Editor in 1.03 ms, found 0 plugins.
Preloading 0 native plugins for Editor in 0.00 ms.
Mono: successfully reloaded assembly
- Completed reload, in  1.714 seconds
Platform modules already initialized, skipping
Refreshing native plugins compatible for Editor in 1.75 ms, found 0 plugins.
Preloading 0 native plugins for Editor in 0.00 ms.
Unloading 1897 Unused Serialized files (Serialized files now loaded: 0)
System memory in use before: 162.4 MB.
System memory in use after: 162.5 MB.

Unloading 42 unused Assets to reduce memory usage. Loaded Objects now: 2431.
Total: 9.545300 ms (FindLiveObjects: 0.256500 ms CreateObjectMapping: 0.109800 ms MarkObjects: 8.984200 ms  DeleteObjects: 0.192000 ms)

========================================================================
Received Import Request.
  Time since last request: 268.947029 seconds.
  path: Assets/Scenes/Oficiais/InitialScreen 1.unity
  artifactKey: Guid(6ad76cf4134309042905a124e05d0e51) Importer(815301076,1909f56bfc062723c751e8b465ee728b)
Start importing Assets/Scenes/Oficiais/InitialScreen 1.unity using Guid(6ad76cf4134309042905a124e05d0e51) Importer(815301076,1909f56bfc062723c751e8b465ee728b)  -> (artifact id: '2c1cfbd364e39ac3cd55a15c4fc37b73') in 0.043852 seconds
  Import took 0.092211 seconds .

========================================================================
Received Import Request.
  Time since last request: 12.290921 seconds.
  path: Assets/Scenes/Oficiais/TutorialScreen.unity
  artifactKey: Guid(6ad76cf4134309042905a124e05d0e51) Importer(815301076,1909f56bfc062723c751e8b465ee728b)
Start importing Assets/Scenes/Oficiais/TutorialScreen.unity using Guid(6ad76cf4134309042905a124e05d0e51) Importer(815301076,1909f56bfc062723c751e8b465ee728b)  -> (artifact id: '2af438a22f0853410ef1134193296e45') in 0.028289 seconds
  Import took 0.034190 seconds .

========================================================================
Received Import Request.
  Time since last request: 49.386089 seconds.
  path: Assets/Scenes/Oficiais/TutorialScreen.unity
  artifactKey: Guid(6ad76cf4134309042905a124e05d0e51) Importer(815301076,1909f56bfc062723c751e8b465ee728b)
Start importing Assets/Scenes/Oficiais/TutorialScreen.unity using Guid(6ad76cf4134309042905a124e05d0e51) Importer(815301076,1909f56bfc062723c751e8b465ee728b)  -> (artifact id: '741f12be96a68af1ea615cee02bdc24b') in 0.023909 seconds
  Import took 0.062056 seconds .

========================================================================
Received Prepare
Registering precompiled user dll's ...
Registered in 0.003933 seconds.
Begin MonoManager ReloadAssembly
Native extension for WindowsStandalone target not found
Refreshing native plugins compatible for Editor in 1.79 ms, found 0 plugins.
Preloading 0 native plugins for Editor in 0.00 ms.
Mono: successfully reloaded assembly
- Completed reload, in  1.955 seconds
Platform modules already initialized, skipping
Refreshing native plugins compatible for Editor in 3.54 ms, found 0 plugins.
Preloading 0 native plugins for Editor in 0.00 ms.
Unloading 1897 Unused Serialized files (Serialized files now loaded: 0)
System memory in use before: 162.5 MB.
System memory in use after: 162.5 MB.

Unloading 42 unused Assets to reduce memory usage. Loaded Objects now: 2434.
Total: 32.714600 ms (FindLiveObjects: 1.672400 ms CreateObjectMapping: 3.089000 ms MarkObjects: 27.036000 ms  DeleteObjects: 0.907700 ms)

========================================================================
Received Import Request.
  Time since last request: 49.174002 seconds.
  path: Assets/Scenes/Oficiais/TutorialScreen.unity
  artifactKey: Guid(6ad76cf4134309042905a124e05d0e51) Importer(815301076,1909f56bfc062723c751e8b465ee728b)
Start importing Assets/Scenes/Oficiais/TutorialScreen.unity using Guid(6ad76cf4134309042905a124e05d0e51) Importer(815301076,1909f56bfc062723c751e8b465ee728b)  -> (artifact id: '88b1be2adad2c7cc2b9308f9e0ac18c0') in 0.031788 seconds
  Import took 0.037334 seconds .

========================================================================
Received Prepare
Registering precompiled user dll's ...
Registered in 0.003693 seconds.
Begin MonoManager ReloadAssembly
Native extension for WindowsStandalone target not found
Refreshing native plugins compatible for Editor in 1.00 ms, found 0 plugins.
Preloading 0 native plugins for Editor in 0.00 ms.
Mono: successfully reloaded assembly
- Completed reload, in  1.931 seconds
Platform modules already initialized, skipping
Refreshing native plugins compatible for Editor in 1.70 ms, found 0 plugins.
Preloading 0 native plugins for Editor in 0.00 ms.
Unloading 1897 Unused Serialized files (Serialized files now loaded: 0)
System memory in use before: 162.5 MB.
System memory in use after: 162.6 MB.

Unloading 42 unused Assets to reduce memory usage. Loaded Objects now: 2437.
Total: 10.177500 ms (FindLiveObjects: 0.387500 ms CreateObjectMapping: 0.145600 ms MarkObjects: 9.505300 ms  DeleteObjects: 0.136500 ms)

========================================================================
Received Prepare
Registering precompiled user dll's ...
Registered in 0.004075 seconds.
Begin MonoManager ReloadAssembly
Native extension for WindowsStandalone target not found
Refreshing native plugins compatible for Editor in 1.05 ms, found 0 plugins.
Preloading 0 native plugins for Editor in 0.00 ms.
Mono: successfully reloaded assembly
- Completed reload, in  1.633 seconds
Platform modules already initialized, skipping
Refreshing native plugins compatible for Editor in 1.64 ms, found 0 plugins.
Preloading 0 native plugins for Editor in 0.00 ms.
Unloading 1897 Unused Serialized files (Serialized files now loaded: 0)
System memory in use before: 162.5 MB.
System memory in use after: 162.6 MB.

Unloading 42 unused Assets to reduce memory usage. Loaded Objects now: 2440.
Total: 8.139100 ms (FindLiveObjects: 0.455400 ms CreateObjectMapping: 0.141000 ms MarkObjects: 7.386600 ms  DeleteObjects: 0.153400 ms)

========================================================================
Received Import Request.
  Time since last request: 154.474416 seconds.
  path: Assets/Scenes/Oficiais/TutorialScreen.unity
  artifactKey: Guid(6ad76cf4134309042905a124e05d0e51) Importer(815301076,1909f56bfc062723c751e8b465ee728b)
Start importing Assets/Scenes/Oficiais/TutorialScreen.unity using Guid(6ad76cf4134309042905a124e05d0e51) Importer(815301076,1909f56bfc062723c751e8b465ee728b)  -> (artifact id: '3ca8d37bf5a243891756ae38cfcbc07c') in 0.025351 seconds
  Import took 0.067457 seconds .

========================================================================
Received Prepare
Registering precompiled user dll's ...
Registered in 0.180748 seconds.
Begin MonoManager ReloadAssembly
Native extension for WindowsStandalone target not found
Refreshing native plugins compatible for Editor in 4.65 ms, found 0 plugins.
Preloading 0 native plugins for Editor in 0.00 ms.
Mono: successfully reloaded assembly
- Completed reload, in 16.543 seconds
Platform modules already initialized, skipping
Refreshing native plugins compatible for Editor in 1.64 ms, found 0 plugins.
Preloading 0 native plugins for Editor in 0.00 ms.
Unloading 1897 Unused Serialized files (Serialized files now loaded: 0)
System memory in use before: 162.6 MB.
System memory in use after: 162.7 MB.

Unloading 42 unused Assets to reduce memory usage. Loaded Objects now: 2443.
Total: 11.034500 ms (FindLiveObjects: 0.387600 ms CreateObjectMapping: 0.122300 ms MarkObjects: 10.331700 ms  DeleteObjects: 0.189500 ms)

========================================================================
Received Import Request.
  Time since last request: 64.597043 seconds.
  path: Assets/Scenes/Oficiais/MainScene.unity
  artifactKey: Guid(30d1388f0c0951a4fa87c62ffcb2ffd5) Importer(815301076,1909f56bfc062723c751e8b465ee728b)
Start importing Assets/Scenes/Oficiais/MainScene.unity using Guid(30d1388f0c0951a4fa87c62ffcb2ffd5) Importer(815301076,1909f56bfc062723c751e8b465ee728b)  -> (artifact id: '95574b3443c23d5f882f88a429f89b3b') in 0.186482 seconds
  Import took 0.192933 seconds .

========================================================================
Received Prepare
Registering precompiled user dll's ...
Registered in 0.232242 seconds.
Begin MonoManager ReloadAssembly
Native extension for WindowsStandalone target not found
Refreshing native plugins compatible for Editor in 1.34 ms, found 0 plugins.
Preloading 0 native plugins for Editor in 0.00 ms.
Mono: successfully reloaded assembly
- Completed reload, in  3.634 seconds
Platform modules already initialized, skipping
Refreshing native plugins compatible for Editor in 1.61 ms, found 0 plugins.
Preloading 0 native plugins for Editor in 0.00 ms.
Unloading 1897 Unused Serialized files (Serialized files now loaded: 0)
System memory in use before: 162.7 MB.
System memory in use after: 162.8 MB.

Unloading 42 unused Assets to reduce memory usage. Loaded Objects now: 2446.
Total: 11.845600 ms (FindLiveObjects: 0.559500 ms CreateObjectMapping: 0.260700 ms MarkObjects: 10.863700 ms  DeleteObjects: 0.158500 ms)

========================================================================
Received Prepare
Registering precompiled user dll's ...
Registered in 0.004632 seconds.
Begin MonoManager ReloadAssembly
Native extension for WindowsStandalone target not found
Refreshing native plugins compatible for Editor in 0.96 ms, found 0 plugins.
Preloading 0 native plugins for Editor in 0.00 ms.
Mono: successfully reloaded assembly
- Completed reload, in  1.935 seconds
Platform modules already initialized, skipping
Refreshing native plugins compatible for Editor in 1.58 ms, found 0 plugins.
Preloading 0 native plugins for Editor in 0.00 ms.
Unloading 1897 Unused Serialized files (Serialized files now loaded: 0)
System memory in use before: 162.7 MB.
System memory in use after: 162.8 MB.

Unloading 42 unused Assets to reduce memory usage. Loaded Objects now: 2449.
Total: 11.238000 ms (FindLiveObjects: 0.372900 ms CreateObjectMapping: 0.129900 ms MarkObjects: 10.593900 ms  DeleteObjects: 0.138500 ms)

========================================================================
Received Prepare
Registering precompiled user dll's ...
Registered in 0.003481 seconds.
Begin MonoManager ReloadAssembly
Native extension for WindowsStandalone target not found
Refreshing native plugins compatible for Editor in 1.07 ms, found 0 plugins.
Preloading 0 native plugins for Editor in 0.00 ms.
Mono: successfully reloaded assembly
- Completed reload, in  1.645 seconds
Platform modules already initialized, skipping
Refreshing native plugins compatible for Editor in 2.18 ms, found 0 plugins.
Preloading 0 native plugins for Editor in 0.00 ms.
Unloading 1897 Unused Serialized files (Serialized files now loaded: 0)
System memory in use before: 162.7 MB.
System memory in use after: 162.8 MB.

Unloading 42 unused Assets to reduce memory usage. Loaded Objects now: 2452.
Total: 9.256500 ms (FindLiveObjects: 0.504700 ms CreateObjectMapping: 0.216400 ms MarkObjects: 8.388000 ms  DeleteObjects: 0.142500 ms)

========================================================================
Received Prepare
Refreshing native plugins compatible for Editor in 31.29 ms, found 0 plugins.
Preloading 0 native plugins for Editor in 0.00 ms.
Unloading 39 Unused Serialized files (Serialized files now loaded: 0)
System memory in use before: 125.9 MB.
System memory in use after: 126.0 MB.

Unloading 39 unused Assets to reduce memory usage. Loaded Objects now: 2452.
Total: 11.880900 ms (FindLiveObjects: 0.419800 ms CreateObjectMapping: 0.151900 ms MarkObjects: 11.122900 ms  DeleteObjects: 0.183700 ms)

AssetImportWorkerClient::OnTransportError - code=2 error=End of file
