Using pre-set license
Built from '2020.3/release' branch; Version is '2020.3.1f1 (77a89f25062f) revision 7841951'; Using compiler version '192528614'; Build Type 'Release'
OS: 'Windows 10 Home Single Language; OS build 19041.1052; Version 2004; 64bit' Language: 'pt' Physical Memory: 8123 MB
BatchMode: 1, IsHumanControllingUs: 0, StartBugReporterOnCrash: 0, Is64bit: 1, IsPro: 0

 COMMAND LINE ARGUMENTS:
C:\Program Files\Unity Projects\2020.3.1f1\Editor\Unity.exe
-adb2
-batchMode
-noUpm
-name
AssetImportWorker0
-projectPath
C:/Users/Clara/OneDrive/Área de Trabalho/2021 UNITY/FIAP Projects/GameJam-2021
-logFile
Logs/AssetImportWorker0.log
-srvPort
51009
Successfully changed project path to: C:/Users/Clara/OneDrive/Área de Trabalho/2021 UNITY/FIAP Projects/GameJam-2021
C:/Users/Clara/OneDrive/Área de Trabalho/2021 UNITY/FIAP Projects/GameJam-2021
Using Asset Import Pipeline V2.
Refreshing native plugins compatible for Editor in 81.37 ms, found 0 plugins.
Preloading 0 native plugins for Editor in 0.00 ms.
Initialize engine version: 2020.3.1f1 (77a89f25062f)
[Subsystems] Discovering subsystems at path C:/Program Files/Unity Projects/2020.3.1f1/Editor/Data/Resources/UnitySubsystems
[Subsystems] Discovering subsystems at path C:/Users/Clara/OneDrive/Área de Trabalho/2021 UNITY/FIAP Projects/GameJam-2021/Assets
GfxDevice: creating device client; threaded=0
Direct3D:
    Version:  Direct3D 11.0 [level 11.1]
    Renderer: Intel(R) HD Graphics Family (ID=0xa16)
    Vendor:   
    VRAM:     2048 MB
    Driver:   10.18.15.4248
Initialize mono
Mono path[0] = 'C:/Program Files/Unity Projects/2020.3.1f1/Editor/Data/Managed'
Mono path[1] = 'C:/Program Files/Unity Projects/2020.3.1f1/Editor/Data/MonoBleedingEdge/lib/mono/unityjit'
Mono config path = 'C:/Program Files/Unity Projects/2020.3.1f1/Editor/Data/MonoBleedingEdge/etc'
Using monoOptions --debugger-agent=transport=dt_socket,embedding=1,server=y,suspend=n,address=127.0.0.1:56768
Begin MonoManager ReloadAssembly
Registering precompiled unity dll's ...
Register platform support module: C:/Program Files/Unity Projects/2020.3.1f1/Editor/Data/PlaybackEngines/WindowsStandaloneSupport/UnityEditor.WindowsStandalone.Extensions.dll
Registered in 0.003063 seconds.
Native extension for WindowsStandalone target not found
Refreshing native plugins compatible for Editor in 142.23 ms, found 0 plugins.
Preloading 0 native plugins for Editor in 0.00 ms.
Invoked RoslynAnalysisRunner static constructor.
RoslynAnalysisRunner will not be running.
RoslynAnalysisRunner has terminated.
Mono: successfully reloaded assembly
- Completed reload, in  3.656 seconds
Platform modules already initialized, skipping
Registering precompiled user dll's ...
Registered in 0.005312 seconds.
Begin MonoManager ReloadAssembly
Native extension for WindowsStandalone target not found
Refreshing native plugins compatible for Editor in 0.68 ms, found 0 plugins.
Preloading 0 native plugins for Editor in 0.00 ms.
Invoked RoslynAnalysisRunner static constructor.
RoslynAnalysisRunner will not be running.
RoslynAnalysisRunner has terminated.
Mono: successfully reloaded assembly
- Completed reload, in  1.475 seconds
Platform modules already initialized, skipping
========================================================================
Worker process is ready to serve import requests
Launched and connected shader compiler UnityShaderCompiler.exe after 0.08 seconds
Refreshing native plugins compatible for Editor in 1.21 ms, found 0 plugins.
Preloading 0 native plugins for Editor in 0.00 ms.
Unloading 1634 Unused Serialized files (Serialized files now loaded: 0)
System memory in use before: 155.7 MB.
System memory in use after: 155.7 MB.

Unloading 36 unused Assets to reduce memory usage. Loaded Objects now: 2072.
Total: 3.637700 ms (FindLiveObjects: 0.740700 ms CreateObjectMapping: 0.189600 ms MarkObjects: 2.459800 ms  DeleteObjects: 0.245800 ms)

========================================================================
Received Import Request.
  path: Assets/Scenes/Oficiais/MainScene.unity
  artifactKey: Guid(30d1388f0c0951a4fa87c62ffcb2ffd5) Importer(815301076,1909f56bfc062723c751e8b465ee728b)
Start importing Assets/Scenes/Oficiais/MainScene.unity using Guid(30d1388f0c0951a4fa87c62ffcb2ffd5) Importer(815301076,1909f56bfc062723c751e8b465ee728b)  -> (artifact id: '4100e2b97eadd47dd37068c40d2c434e') in 0.022048 seconds
  Import took 0.084239 seconds .

========================================================================
Received Prepare
Registering precompiled user dll's ...
Registered in 0.006789 seconds.
Begin MonoManager ReloadAssembly
Native extension for WindowsStandalone target not found
Refreshing native plugins compatible for Editor in 0.71 ms, found 0 plugins.
Preloading 0 native plugins for Editor in 0.00 ms.
Invoked RoslynAnalysisRunner static constructor.
RoslynAnalysisRunner will not be running.
RoslynAnalysisRunner has terminated.
Mono: successfully reloaded assembly
- Completed reload, in  1.951 seconds
Platform modules already initialized, skipping
Refreshing native plugins compatible for Editor in 1.17 ms, found 0 plugins.
Preloading 0 native plugins for Editor in 0.00 ms.
Unloading 1595 Unused Serialized files (Serialized files now loaded: 0)
System memory in use before: 153.1 MB.
System memory in use after: 153.1 MB.

Unloading 27 unused Assets to reduce memory usage. Loaded Objects now: 2075.
Total: 3.327000 ms (FindLiveObjects: 0.384900 ms CreateObjectMapping: 0.172800 ms MarkObjects: 2.528600 ms  DeleteObjects: 0.237400 ms)

========================================================================
Received Prepare
Registering precompiled user dll's ...
Registered in 0.004539 seconds.
Begin MonoManager ReloadAssembly
Native extension for WindowsStandalone target not found
Refreshing native plugins compatible for Editor in 1.17 ms, found 0 plugins.
Preloading 0 native plugins for Editor in 0.00 ms.
Invoked RoslynAnalysisRunner static constructor.
RoslynAnalysisRunner will not be running.
RoslynAnalysisRunner has terminated.
Mono: successfully reloaded assembly
- Completed reload, in  4.764 seconds
Platform modules already initialized, skipping
Refreshing native plugins compatible for Editor in 1.42 ms, found 0 plugins.
Preloading 0 native plugins for Editor in 0.00 ms.
Unloading 1595 Unused Serialized files (Serialized files now loaded: 0)
System memory in use before: 153.1 MB.
System memory in use after: 153.2 MB.

Unloading 27 unused Assets to reduce memory usage. Loaded Objects now: 2078.
Total: 18.348400 ms (FindLiveObjects: 0.804300 ms CreateObjectMapping: 0.748400 ms MarkObjects: 16.453300 ms  DeleteObjects: 0.337600 ms)

========================================================================
Received Prepare
Registering precompiled user dll's ...
Registered in 0.006416 seconds.
Begin MonoManager ReloadAssembly
Native extension for WindowsStandalone target not found
Refreshing native plugins compatible for Editor in 0.67 ms, found 0 plugins.
Preloading 0 native plugins for Editor in 0.00 ms.
Invoked RoslynAnalysisRunner static constructor.
RoslynAnalysisRunner will not be running.
RoslynAnalysisRunner has terminated.
Mono: successfully reloaded assembly
- Completed reload, in  1.878 seconds
Platform modules already initialized, skipping
Refreshing native plugins compatible for Editor in 1.22 ms, found 0 plugins.
Preloading 0 native plugins for Editor in 0.00 ms.
Unloading 1595 Unused Serialized files (Serialized files now loaded: 0)
System memory in use before: 153.1 MB.
System memory in use after: 153.2 MB.

Unloading 27 unused Assets to reduce memory usage. Loaded Objects now: 2081.
Total: 4.027400 ms (FindLiveObjects: 1.084400 ms CreateObjectMapping: 0.179300 ms MarkObjects: 2.574100 ms  DeleteObjects: 0.186400 ms)

========================================================================
Received Prepare
Registering precompiled user dll's ...
Registered in 0.005283 seconds.
Begin MonoManager ReloadAssembly
Native extension for WindowsStandalone target not found
Refreshing native plugins compatible for Editor in 1.89 ms, found 0 plugins.
Preloading 0 native plugins for Editor in 0.00 ms.
Invoked RoslynAnalysisRunner static constructor.
RoslynAnalysisRunner will not be running.
RoslynAnalysisRunner has terminated.
Mono: successfully reloaded assembly
- Completed reload, in  1.583 seconds
Platform modules already initialized, skipping
Refreshing native plugins compatible for Editor in 0.74 ms, found 0 plugins.
Preloading 0 native plugins for Editor in 0.00 ms.
Unloading 1595 Unused Serialized files (Serialized files now loaded: 0)
System memory in use before: 153.1 MB.
System memory in use after: 153.2 MB.

Unloading 27 unused Assets to reduce memory usage. Loaded Objects now: 2084.
Total: 4.290200 ms (FindLiveObjects: 0.452300 ms CreateObjectMapping: 0.214000 ms MarkObjects: 3.262500 ms  DeleteObjects: 0.358200 ms)

========================================================================
Received Prepare
Registering precompiled user dll's ...
Registered in 0.006763 seconds.
Begin MonoManager ReloadAssembly
Native extension for WindowsStandalone target not found
Refreshing native plugins compatible for Editor in 0.73 ms, found 0 plugins.
Preloading 0 native plugins for Editor in 0.00 ms.
Invoked RoslynAnalysisRunner static constructor.
RoslynAnalysisRunner will not be running.
RoslynAnalysisRunner has terminated.
Mono: successfully reloaded assembly
- Completed reload, in  1.881 seconds
Platform modules already initialized, skipping
Refreshing native plugins compatible for Editor in 0.76 ms, found 0 plugins.
Preloading 0 native plugins for Editor in 0.00 ms.
Unloading 1595 Unused Serialized files (Serialized files now loaded: 0)
System memory in use before: 153.1 MB.
System memory in use after: 153.2 MB.

Unloading 27 unused Assets to reduce memory usage. Loaded Objects now: 2087.
Total: 6.007500 ms (FindLiveObjects: 1.199100 ms CreateObjectMapping: 1.999000 ms MarkObjects: 2.630300 ms  DeleteObjects: 0.176600 ms)

========================================================================
Received Prepare
Registering precompiled user dll's ...
Registered in 0.007760 seconds.
Begin MonoManager ReloadAssembly
Native extension for WindowsStandalone target not found
Refreshing native plugins compatible for Editor in 0.73 ms, found 0 plugins.
Preloading 0 native plugins for Editor in 0.00 ms.
Invoked RoslynAnalysisRunner static constructor.
RoslynAnalysisRunner will not be running.
RoslynAnalysisRunner has terminated.
Mono: successfully reloaded assembly
- Completed reload, in  1.696 seconds
Platform modules already initialized, skipping
Refreshing native plugins compatible for Editor in 1.89 ms, found 0 plugins.
Preloading 0 native plugins for Editor in 0.00 ms.
Unloading 1595 Unused Serialized files (Serialized files now loaded: 0)
System memory in use before: 153.2 MB.
System memory in use after: 153.2 MB.

Unloading 27 unused Assets to reduce memory usage. Loaded Objects now: 2090.
Total: 6.046000 ms (FindLiveObjects: 0.396500 ms CreateObjectMapping: 0.129200 ms MarkObjects: 5.271200 ms  DeleteObjects: 0.246600 ms)

========================================================================
Received Prepare
Registering precompiled user dll's ...
Registered in 0.005579 seconds.
Begin MonoManager ReloadAssembly
Native extension for WindowsStandalone target not found
Refreshing native plugins compatible for Editor in 0.81 ms, found 0 plugins.
Preloading 0 native plugins for Editor in 0.00 ms.
Invoked RoslynAnalysisRunner static constructor.
RoslynAnalysisRunner will not be running.
RoslynAnalysisRunner has terminated.
Mono: successfully reloaded assembly
- Completed reload, in  1.875 seconds
Platform modules already initialized, skipping
Refreshing native plugins compatible for Editor in 1.14 ms, found 0 plugins.
Preloading 0 native plugins for Editor in 0.00 ms.
Unloading 1595 Unused Serialized files (Serialized files now loaded: 0)
System memory in use before: 153.2 MB.
System memory in use after: 153.2 MB.

Unloading 27 unused Assets to reduce memory usage. Loaded Objects now: 2093.
Total: 5.419000 ms (FindLiveObjects: 0.468500 ms CreateObjectMapping: 0.997700 ms MarkObjects: 3.771500 ms  DeleteObjects: 0.179000 ms)

========================================================================
Received Prepare
Registering precompiled user dll's ...
Registered in 0.006268 seconds.
Begin MonoManager ReloadAssembly
Native extension for WindowsStandalone target not found
Refreshing native plugins compatible for Editor in 1.05 ms, found 0 plugins.
Preloading 0 native plugins for Editor in 0.00 ms.
Invoked RoslynAnalysisRunner static constructor.
RoslynAnalysisRunner will not be running.
RoslynAnalysisRunner has terminated.
Mono: successfully reloaded assembly
- Completed reload, in  1.711 seconds
Platform modules already initialized, skipping
Refreshing native plugins compatible for Editor in 1.38 ms, found 0 plugins.
Preloading 0 native plugins for Editor in 0.00 ms.
Unloading 1595 Unused Serialized files (Serialized files now loaded: 0)
System memory in use before: 153.2 MB.
System memory in use after: 153.2 MB.

Unloading 27 unused Assets to reduce memory usage. Loaded Objects now: 2096.
Total: 7.807000 ms (FindLiveObjects: 0.345900 ms CreateObjectMapping: 0.109700 ms MarkObjects: 7.063800 ms  DeleteObjects: 0.284800 ms)

========================================================================
Received Prepare
Registering precompiled user dll's ...
Registered in 0.136071 seconds.
Begin MonoManager ReloadAssembly
Native extension for WindowsStandalone target not found
Refreshing native plugins compatible for Editor in 0.93 ms, found 0 plugins.
Preloading 0 native plugins for Editor in 0.00 ms.
Invoked RoslynAnalysisRunner static constructor.
RoslynAnalysisRunner will not be running.
RoslynAnalysisRunner has terminated.
Mono: successfully reloaded assembly
- Completed reload, in  2.432 seconds
Platform modules already initialized, skipping
Refreshing native plugins compatible for Editor in 1.21 ms, found 0 plugins.
Preloading 0 native plugins for Editor in 0.00 ms.
Unloading 1595 Unused Serialized files (Serialized files now loaded: 0)
System memory in use before: 153.2 MB.
System memory in use after: 153.3 MB.

Unloading 27 unused Assets to reduce memory usage. Loaded Objects now: 2099.
Total: 9.225700 ms (FindLiveObjects: 0.447000 ms CreateObjectMapping: 0.433000 ms MarkObjects: 8.036900 ms  DeleteObjects: 0.305300 ms)

========================================================================
Received Prepare
Registering precompiled user dll's ...
Registered in 0.005785 seconds.
Begin MonoManager ReloadAssembly
Native extension for WindowsStandalone target not found
Refreshing native plugins compatible for Editor in 0.70 ms, found 0 plugins.
Preloading 0 native plugins for Editor in 0.00 ms.
Invoked RoslynAnalysisRunner static constructor.
RoslynAnalysisRunner will not be running.
RoslynAnalysisRunner has terminated.
Mono: successfully reloaded assembly
- Completed reload, in  1.627 seconds
Platform modules already initialized, skipping
Refreshing native plugins compatible for Editor in 0.81 ms, found 0 plugins.
Preloading 0 native plugins for Editor in 0.00 ms.
Unloading 1596 Unused Serialized files (Serialized files now loaded: 0)
System memory in use before: 153.2 MB.
System memory in use after: 153.3 MB.

Unloading 27 unused Assets to reduce memory usage. Loaded Objects now: 2103.
Total: 3.666900 ms (FindLiveObjects: 0.558200 ms CreateObjectMapping: 0.181000 ms MarkObjects: 2.681800 ms  DeleteObjects: 0.243100 ms)

========================================================================
Received Import Request.
  Time since last request: 1729.261744 seconds.
  path: Assets/TriggerWind.cs
  artifactKey: Guid(3eb7c9e814a1f904ca4f60588ccc5cf1) Importer(815301076,1909f56bfc062723c751e8b465ee728b)
Start importing Assets/TriggerWind.cs using Guid(3eb7c9e814a1f904ca4f60588ccc5cf1) Importer(815301076,1909f56bfc062723c751e8b465ee728b)  -> (artifact id: 'b6ce2e8b5cfcde8053a0826dee274420') in 0.159508 seconds
  Import took 0.191557 seconds .

========================================================================
Received Prepare
Registering precompiled user dll's ...
Registered in 0.006889 seconds.
Begin MonoManager ReloadAssembly
Native extension for WindowsStandalone target not found
Refreshing native plugins compatible for Editor in 0.72 ms, found 0 plugins.
Preloading 0 native plugins for Editor in 0.00 ms.
Invoked RoslynAnalysisRunner static constructor.
RoslynAnalysisRunner will not be running.
RoslynAnalysisRunner has terminated.
Mono: successfully reloaded assembly
- Completed reload, in  1.988 seconds
Platform modules already initialized, skipping
Refreshing native plugins compatible for Editor in 1.47 ms, found 0 plugins.
Preloading 0 native plugins for Editor in 0.00 ms.
Unloading 1596 Unused Serialized files (Serialized files now loaded: 0)
System memory in use before: 153.2 MB.
System memory in use after: 153.3 MB.

Unloading 27 unused Assets to reduce memory usage. Loaded Objects now: 2106.
Total: 4.499800 ms (FindLiveObjects: 0.491600 ms CreateObjectMapping: 0.288000 ms MarkObjects: 3.548500 ms  DeleteObjects: 0.169300 ms)

========================================================================
Received Import Request.
  Time since last request: 51.832535 seconds.
  path: Assets/TriggerWind.cs
  artifactKey: Guid(3eb7c9e814a1f904ca4f60588ccc5cf1) Importer(815301076,1909f56bfc062723c751e8b465ee728b)
Start importing Assets/TriggerWind.cs using Guid(3eb7c9e814a1f904ca4f60588ccc5cf1) Importer(815301076,1909f56bfc062723c751e8b465ee728b)  -> (artifact id: '186500af0acd652c44ebc9dadb77c75e') in 0.016207 seconds
  Import took 0.053136 seconds .

========================================================================
Received Prepare
Registering precompiled user dll's ...
Registered in 0.005684 seconds.
Begin MonoManager ReloadAssembly
Native extension for WindowsStandalone target not found
Refreshing native plugins compatible for Editor in 0.86 ms, found 0 plugins.
Preloading 0 native plugins for Editor in 0.00 ms.
Invoked RoslynAnalysisRunner static constructor.
RoslynAnalysisRunner will not be running.
RoslynAnalysisRunner has terminated.
Mono: successfully reloaded assembly
- Completed reload, in  1.714 seconds
Platform modules already initialized, skipping
Refreshing native plugins compatible for Editor in 1.42 ms, found 0 plugins.
Preloading 0 native plugins for Editor in 0.00 ms.
Unloading 1596 Unused Serialized files (Serialized files now loaded: 0)
System memory in use before: 153.2 MB.
System memory in use after: 153.3 MB.

Unloading 27 unused Assets to reduce memory usage. Loaded Objects now: 2109.
Total: 4.269500 ms (FindLiveObjects: 0.320800 ms CreateObjectMapping: 0.191400 ms MarkObjects: 3.572800 ms  DeleteObjects: 0.181800 ms)

========================================================================
Received Prepare
Registering precompiled user dll's ...
Registered in 0.005940 seconds.
Begin MonoManager ReloadAssembly
Native extension for WindowsStandalone target not found
Refreshing native plugins compatible for Editor in 0.99 ms, found 0 plugins.
Preloading 0 native plugins for Editor in 0.00 ms.
Invoked RoslynAnalysisRunner static constructor.
RoslynAnalysisRunner will not be running.
RoslynAnalysisRunner has terminated.
Mono: successfully reloaded assembly
- Completed reload, in  1.687 seconds
Platform modules already initialized, skipping
Refreshing native plugins compatible for Editor in 1.10 ms, found 0 plugins.
Preloading 0 native plugins for Editor in 0.00 ms.
Unloading 1597 Unused Serialized files (Serialized files now loaded: 0)
System memory in use before: 153.2 MB.
System memory in use after: 153.3 MB.

Unloading 27 unused Assets to reduce memory usage. Loaded Objects now: 2113.
Total: 7.005800 ms (FindLiveObjects: 0.312200 ms CreateObjectMapping: 0.126200 ms MarkObjects: 6.252300 ms  DeleteObjects: 0.311900 ms)

========================================================================
Received Import Request.
  Time since last request: 681.647705 seconds.
  path: Assets/TriggerTutorial.cs
  artifactKey: Guid(688e4418f39e5b643a81994bc1a6ae7e) Importer(815301076,1909f56bfc062723c751e8b465ee728b)
Start importing Assets/TriggerTutorial.cs using Guid(688e4418f39e5b643a81994bc1a6ae7e) Importer(815301076,1909f56bfc062723c751e8b465ee728b)  -> (artifact id: '31b29f7433cc0022c5f3fe162db175c5') in 0.030395 seconds
  Import took 0.107092 seconds .

========================================================================
Received Prepare
Registering precompiled user dll's ...
Registered in 0.005077 seconds.
Begin MonoManager ReloadAssembly
Native extension for WindowsStandalone target not found
Refreshing native plugins compatible for Editor in 0.76 ms, found 0 plugins.
Preloading 0 native plugins for Editor in 0.00 ms.
Invoked RoslynAnalysisRunner static constructor.
RoslynAnalysisRunner will not be running.
RoslynAnalysisRunner has terminated.
Mono: successfully reloaded assembly
- Completed reload, in  3.278 seconds
Platform modules already initialized, skipping
Refreshing native plugins compatible for Editor in 0.98 ms, found 0 plugins.
Preloading 0 native plugins for Editor in 0.00 ms.
Unloading 1597 Unused Serialized files (Serialized files now loaded: 0)
System memory in use before: 153.2 MB.
System memory in use after: 153.3 MB.

Unloading 27 unused Assets to reduce memory usage. Loaded Objects now: 2116.
Total: 3.598200 ms (FindLiveObjects: 0.229100 ms CreateObjectMapping: 0.088900 ms MarkObjects: 3.095800 ms  DeleteObjects: 0.181300 ms)

========================================================================
Received Prepare
Registering precompiled user dll's ...
Registered in 0.005365 seconds.
Begin MonoManager ReloadAssembly
Native extension for WindowsStandalone target not found
Refreshing native plugins compatible for Editor in 0.72 ms, found 0 plugins.
Preloading 0 native plugins for Editor in 0.00 ms.
Invoked RoslynAnalysisRunner static constructor.
RoslynAnalysisRunner will not be running.
RoslynAnalysisRunner has terminated.
Mono: successfully reloaded assembly
- Completed reload, in  1.599 seconds
Platform modules already initialized, skipping
Refreshing native plugins compatible for Editor in 1.06 ms, found 0 plugins.
Preloading 0 native plugins for Editor in 0.00 ms.
Unloading 1597 Unused Serialized files (Serialized files now loaded: 0)
System memory in use before: 153.3 MB.
System memory in use after: 153.3 MB.

Unloading 27 unused Assets to reduce memory usage. Loaded Objects now: 2119.
Total: 4.241300 ms (FindLiveObjects: 0.308100 ms CreateObjectMapping: 0.173600 ms MarkObjects: 3.474600 ms  DeleteObjects: 0.282600 ms)

========================================================================
Received Prepare
Registering precompiled user dll's ...
Registered in 0.005679 seconds.
Begin MonoManager ReloadAssembly
Native extension for WindowsStandalone target not found
Refreshing native plugins compatible for Editor in 0.99 ms, found 0 plugins.
Preloading 0 native plugins for Editor in 0.00 ms.
Invoked RoslynAnalysisRunner static constructor.
RoslynAnalysisRunner will not be running.
RoslynAnalysisRunner has terminated.
Mono: successfully reloaded assembly
- Completed reload, in  1.776 seconds
Platform modules already initialized, skipping
Refreshing native plugins compatible for Editor in 0.90 ms, found 0 plugins.
Preloading 0 native plugins for Editor in 0.00 ms.
Unloading 1597 Unused Serialized files (Serialized files now loaded: 0)
System memory in use before: 153.3 MB.
System memory in use after: 153.3 MB.

Unloading 27 unused Assets to reduce memory usage. Loaded Objects now: 2122.
Total: 4.170700 ms (FindLiveObjects: 0.608400 ms CreateObjectMapping: 0.108100 ms MarkObjects: 3.218000 ms  DeleteObjects: 0.233500 ms)

========================================================================
Received Import Request.
  Time since last request: 1276.468226 seconds.
  path: Assets/Animation/Animation/TutorialCanvas.controller
  artifactKey: Guid(aca414078f5695b4f814b0ee00463040) Importer(815301076,1909f56bfc062723c751e8b465ee728b)
Start importing Assets/Animation/Animation/TutorialCanvas.controller using Guid(aca414078f5695b4f814b0ee00463040) Importer(815301076,1909f56bfc062723c751e8b465ee728b)  -> (artifact id: 'a5fa276f0dd58f17c1fc88187a593293') in 0.057900 seconds
  Import took 0.076810 seconds .

========================================================================
Received Import Request.
  Time since last request: 210.760541 seconds.
  path: Assets/Animation/Animation/Tutorial-light-animation.anim
  artifactKey: Guid(5207150a2dec29a47a3b32ab51c30909) Importer(815301076,1909f56bfc062723c751e8b465ee728b)
Start importing Assets/Animation/Animation/Tutorial-light-animation.anim using Guid(5207150a2dec29a47a3b32ab51c30909) Importer(815301076,1909f56bfc062723c751e8b465ee728b)  -> (artifact id: 'b919af4c0057c2f42dc244d12ddc33d4') in 0.019278 seconds
  Import took 0.053292 seconds .

========================================================================
Received Import Request.
  Time since last request: 0.028132 seconds.
  path: Assets/Animation/Animation/Tutorial-light-animation.anim
  artifactKey: Guid(5207150a2dec29a47a3b32ab51c30909) Importer(815301076,1909f56bfc062723c751e8b465ee728b)
Start importing Assets/Animation/Animation/Tutorial-light-animation.anim using Guid(5207150a2dec29a47a3b32ab51c30909) Importer(815301076,1909f56bfc062723c751e8b465ee728b)  -> (artifact id: 'b919af4c0057c2f42dc244d12ddc33d4') in 0.019842 seconds
  Import took 0.043008 seconds .

========================================================================
Received Prepare
Registering precompiled user dll's ...
Registered in 0.005749 seconds.
Begin MonoManager ReloadAssembly
Native extension for WindowsStandalone target not found
Refreshing native plugins compatible for Editor in 0.84 ms, found 0 plugins.
Preloading 0 native plugins for Editor in 0.00 ms.
Invoked RoslynAnalysisRunner static constructor.
RoslynAnalysisRunner will not be running.
RoslynAnalysisRunner has terminated.
Mono: successfully reloaded assembly
- Completed reload, in  1.794 seconds
Platform modules already initialized, skipping
Refreshing native plugins compatible for Editor in 1.25 ms, found 0 plugins.
Preloading 0 native plugins for Editor in 0.00 ms.
Unloading 1597 Unused Serialized files (Serialized files now loaded: 0)
System memory in use before: 153.3 MB.
System memory in use after: 153.4 MB.

Unloading 27 unused Assets to reduce memory usage. Loaded Objects now: 2125.
Total: 5.203000 ms (FindLiveObjects: 1.499000 ms CreateObjectMapping: 0.178900 ms MarkObjects: 3.328500 ms  DeleteObjects: 0.194100 ms)

========================================================================
Received Prepare
Registering precompiled user dll's ...
Registered in 0.005462 seconds.
Begin MonoManager ReloadAssembly
Native extension for WindowsStandalone target not found
Refreshing native plugins compatible for Editor in 0.73 ms, found 0 plugins.
Preloading 0 native plugins for Editor in 0.00 ms.
Invoked RoslynAnalysisRunner static constructor.
RoslynAnalysisRunner will not be running.
RoslynAnalysisRunner has terminated.
Mono: successfully reloaded assembly
- Completed reload, in  2.052 seconds
Platform modules already initialized, skipping
Refreshing native plugins compatible for Editor in 1.11 ms, found 0 plugins.
Preloading 0 native plugins for Editor in 0.00 ms.
Unloading 1597 Unused Serialized files (Serialized files now loaded: 0)
System memory in use before: 153.3 MB.
System memory in use after: 153.4 MB.

Unloading 27 unused Assets to reduce memory usage. Loaded Objects now: 2128.
Total: 3.512800 ms (FindLiveObjects: 0.391500 ms CreateObjectMapping: 0.175800 ms MarkObjects: 2.744700 ms  DeleteObjects: 0.197700 ms)

========================================================================
Received Prepare
Registering precompiled user dll's ...
Registered in 0.007455 seconds.
Begin MonoManager ReloadAssembly
Native extension for WindowsStandalone target not found
Refreshing native plugins compatible for Editor in 0.73 ms, found 0 plugins.
Preloading 0 native plugins for Editor in 0.00 ms.
Invoked RoslynAnalysisRunner static constructor.
RoslynAnalysisRunner will not be running.
RoslynAnalysisRunner has terminated.
Mono: successfully reloaded assembly
- Completed reload, in  1.577 seconds
Platform modules already initialized, skipping
Refreshing native plugins compatible for Editor in 1.44 ms, found 0 plugins.
Preloading 0 native plugins for Editor in 0.00 ms.
Unloading 1597 Unused Serialized files (Serialized files now loaded: 0)
System memory in use before: 153.3 MB.
System memory in use after: 153.4 MB.

Unloading 27 unused Assets to reduce memory usage. Loaded Objects now: 2131.
Total: 7.838300 ms (FindLiveObjects: 1.237500 ms CreateObjectMapping: 0.229700 ms MarkObjects: 6.073700 ms  DeleteObjects: 0.287700 ms)

========================================================================
Received Prepare
Registering precompiled user dll's ...
Registered in 0.005396 seconds.
Begin MonoManager ReloadAssembly
Native extension for WindowsStandalone target not found
Refreshing native plugins compatible for Editor in 0.68 ms, found 0 plugins.
Preloading 0 native plugins for Editor in 0.00 ms.
Invoked RoslynAnalysisRunner static constructor.
RoslynAnalysisRunner will not be running.
RoslynAnalysisRunner has terminated.
Mono: successfully reloaded assembly
- Completed reload, in  1.907 seconds
Platform modules already initialized, skipping
Refreshing native plugins compatible for Editor in 1.27 ms, found 0 plugins.
Preloading 0 native plugins for Editor in 0.00 ms.
Unloading 1597 Unused Serialized files (Serialized files now loaded: 0)
System memory in use before: 153.3 MB.
System memory in use after: 153.4 MB.

Unloading 27 unused Assets to reduce memory usage. Loaded Objects now: 2134.
Total: 2.965700 ms (FindLiveObjects: 0.229400 ms CreateObjectMapping: 0.086300 ms MarkObjects: 2.475900 ms  DeleteObjects: 0.172100 ms)

========================================================================
Received Import Request.
  Time since last request: 1880.612630 seconds.
  path: Assets/Scripts/PickUpController.cs
  artifactKey: Guid(f7f57755e34be714086b450f46c5ca4d) Importer(815301076,1909f56bfc062723c751e8b465ee728b)
Start importing Assets/Scripts/PickUpController.cs using Guid(f7f57755e34be714086b450f46c5ca4d) Importer(815301076,1909f56bfc062723c751e8b465ee728b)  -> (artifact id: '390d8243f8677af7d613a151338962e2') in 0.019824 seconds
  Import took 0.048214 seconds .

========================================================================
Received Import Request.
  Time since last request: 0.012717 seconds.
  path: Assets/Scripts/PickUpController.cs
  artifactKey: Guid(f7f57755e34be714086b450f46c5ca4d) Importer(815301076,1909f56bfc062723c751e8b465ee728b)
Start importing Assets/Scripts/PickUpController.cs using Guid(f7f57755e34be714086b450f46c5ca4d) Importer(815301076,1909f56bfc062723c751e8b465ee728b)  -> (artifact id: '390d8243f8677af7d613a151338962e2') in 0.024338 seconds
  Import took 0.032257 seconds .

========================================================================
Received Prepare
Registering precompiled user dll's ...
Registered in 0.006807 seconds.
Begin MonoManager ReloadAssembly
Native extension for WindowsStandalone target not found
Refreshing native plugins compatible for Editor in 0.70 ms, found 0 plugins.
Preloading 0 native plugins for Editor in 0.00 ms.
Invoked RoslynAnalysisRunner static constructor.
RoslynAnalysisRunner will not be running.
RoslynAnalysisRunner has terminated.
Mono: successfully reloaded assembly
- Completed reload, in  1.955 seconds
Platform modules already initialized, skipping
Refreshing native plugins compatible for Editor in 1.12 ms, found 0 plugins.
Preloading 0 native plugins for Editor in 0.00 ms.
Unloading 1597 Unused Serialized files (Serialized files now loaded: 0)
System memory in use before: 153.3 MB.
System memory in use after: 153.4 MB.

Unloading 27 unused Assets to reduce memory usage. Loaded Objects now: 2137.
Total: 3.378600 ms (FindLiveObjects: 0.723600 ms CreateObjectMapping: 0.096700 ms MarkObjects: 2.375400 ms  DeleteObjects: 0.180800 ms)

========================================================================
Received Import Request.
  Time since last request: 144.866973 seconds.
  path: Assets/Scripts/PickUpController.cs
  artifactKey: Guid(f7f57755e34be714086b450f46c5ca4d) Importer(815301076,1909f56bfc062723c751e8b465ee728b)
Start importing Assets/Scripts/PickUpController.cs using Guid(f7f57755e34be714086b450f46c5ca4d) Importer(815301076,1909f56bfc062723c751e8b465ee728b)  -> (artifact id: 'c40c42a6f8d3c36a4c1d5faae65d052f') in 0.023445 seconds
  Import took 0.054965 seconds .

========================================================================
Received Prepare
Registering precompiled user dll's ...
Registered in 0.004998 seconds.
Begin MonoManager ReloadAssembly
Native extension for WindowsStandalone target not found
Refreshing native plugins compatible for Editor in 0.78 ms, found 0 plugins.
Preloading 0 native plugins for Editor in 0.00 ms.
Invoked RoslynAnalysisRunner static constructor.
RoslynAnalysisRunner will not be running.
RoslynAnalysisRunner has terminated.
Mono: successfully reloaded assembly
- Completed reload, in  1.726 seconds
Platform modules already initialized, skipping
Refreshing native plugins compatible for Editor in 0.76 ms, found 0 plugins.
Preloading 0 native plugins for Editor in 0.00 ms.
Unloading 1597 Unused Serialized files (Serialized files now loaded: 0)
System memory in use before: 153.3 MB.
System memory in use after: 153.4 MB.

Unloading 27 unused Assets to reduce memory usage. Loaded Objects now: 2140.
Total: 5.504900 ms (FindLiveObjects: 0.303100 ms CreateObjectMapping: 0.103600 ms MarkObjects: 4.610500 ms  DeleteObjects: 0.474300 ms)

========================================================================
Received Import Request.
  Time since last request: 19.301495 seconds.
  path: Assets/Scripts/PickUpController.cs
  artifactKey: Guid(f7f57755e34be714086b450f46c5ca4d) Importer(815301076,1909f56bfc062723c751e8b465ee728b)
Start importing Assets/Scripts/PickUpController.cs using Guid(f7f57755e34be714086b450f46c5ca4d) Importer(815301076,1909f56bfc062723c751e8b465ee728b)  -> (artifact id: '6f5569a5de463a0bd4dcc10a8e7a6b3c') in 0.018049 seconds
  Import took 0.117700 seconds .

========================================================================
Received Prepare
Registering precompiled user dll's ...
Registered in 0.005762 seconds.
Begin MonoManager ReloadAssembly
Native extension for WindowsStandalone target not found
Refreshing native plugins compatible for Editor in 0.68 ms, found 0 plugins.
Preloading 0 native plugins for Editor in 0.00 ms.
Invoked RoslynAnalysisRunner static constructor.
RoslynAnalysisRunner will not be running.
RoslynAnalysisRunner has terminated.
Mono: successfully reloaded assembly
- Completed reload, in  1.907 seconds
Platform modules already initialized, skipping
Refreshing native plugins compatible for Editor in 1.70 ms, found 0 plugins.
Preloading 0 native plugins for Editor in 0.00 ms.
Unloading 1597 Unused Serialized files (Serialized files now loaded: 0)
System memory in use before: 153.3 MB.
System memory in use after: 153.4 MB.

Unloading 27 unused Assets to reduce memory usage. Loaded Objects now: 2143.
Total: 4.328300 ms (FindLiveObjects: 0.483500 ms CreateObjectMapping: 0.233000 ms MarkObjects: 3.350500 ms  DeleteObjects: 0.258800 ms)

========================================================================
Received Prepare
Registering precompiled user dll's ...
Registered in 0.006544 seconds.
Begin MonoManager ReloadAssembly
Native extension for WindowsStandalone target not found
Refreshing native plugins compatible for Editor in 0.78 ms, found 0 plugins.
Preloading 0 native plugins for Editor in 0.00 ms.
Invoked RoslynAnalysisRunner static constructor.
RoslynAnalysisRunner will not be running.
RoslynAnalysisRunner has terminated.
Mono: successfully reloaded assembly
- Completed reload, in  1.900 seconds
Platform modules already initialized, skipping
Refreshing native plugins compatible for Editor in 1.29 ms, found 0 plugins.
Preloading 0 native plugins for Editor in 0.00 ms.
Unloading 1597 Unused Serialized files (Serialized files now loaded: 0)
System memory in use before: 153.4 MB.
System memory in use after: 153.4 MB.

Unloading 27 unused Assets to reduce memory usage. Loaded Objects now: 2146.
Total: 7.908600 ms (FindLiveObjects: 0.363900 ms CreateObjectMapping: 0.120700 ms MarkObjects: 7.128200 ms  DeleteObjects: 0.293000 ms)

========================================================================
Received Prepare
Registering precompiled user dll's ...
Registered in 0.005059 seconds.
Begin MonoManager ReloadAssembly
Native extension for WindowsStandalone target not found
Refreshing native plugins compatible for Editor in 2.26 ms, found 0 plugins.
Preloading 0 native plugins for Editor in 0.00 ms.
Invoked RoslynAnalysisRunner static constructor.
RoslynAnalysisRunner will not be running.
RoslynAnalysisRunner has terminated.
Mono: successfully reloaded assembly
- Completed reload, in  1.921 seconds
Platform modules already initialized, skipping
Refreshing native plugins compatible for Editor in 0.70 ms, found 0 plugins.
Preloading 0 native plugins for Editor in 0.00 ms.
Unloading 1597 Unused Serialized files (Serialized files now loaded: 0)
System memory in use before: 153.4 MB.
System memory in use after: 153.5 MB.

Unloading 27 unused Assets to reduce memory usage. Loaded Objects now: 2149.
Total: 3.938300 ms (FindLiveObjects: 0.371000 ms CreateObjectMapping: 0.205600 ms MarkObjects: 3.102200 ms  DeleteObjects: 0.257300 ms)

========================================================================
Received Prepare
Registering precompiled user dll's ...
Registered in 0.004796 seconds.
Begin MonoManager ReloadAssembly
Native extension for WindowsStandalone target not found
Refreshing native plugins compatible for Editor in 1.18 ms, found 0 plugins.
Preloading 0 native plugins for Editor in 0.00 ms.
Invoked RoslynAnalysisRunner static constructor.
RoslynAnalysisRunner will not be running.
RoslynAnalysisRunner has terminated.
Mono: successfully reloaded assembly
- Completed reload, in  3.056 seconds
Platform modules already initialized, skipping
Refreshing native plugins compatible for Editor in 0.73 ms, found 0 plugins.
Preloading 0 native plugins for Editor in 0.00 ms.
Unloading 1597 Unused Serialized files (Serialized files now loaded: 0)
System memory in use before: 153.4 MB.
System memory in use after: 153.5 MB.

Unloading 27 unused Assets to reduce memory usage. Loaded Objects now: 2152.
Total: 4.822700 ms (FindLiveObjects: 0.370400 ms CreateObjectMapping: 0.173900 ms MarkObjects: 4.110700 ms  DeleteObjects: 0.164300 ms)

========================================================================
Received Prepare
Registering precompiled user dll's ...
Registered in 0.006146 seconds.
Begin MonoManager ReloadAssembly
Native extension for WindowsStandalone target not found
Refreshing native plugins compatible for Editor in 0.72 ms, found 0 plugins.
Preloading 0 native plugins for Editor in 0.00 ms.
Invoked RoslynAnalysisRunner static constructor.
RoslynAnalysisRunner will not be running.
RoslynAnalysisRunner has terminated.
Mono: successfully reloaded assembly
- Completed reload, in  1.406 seconds
Platform modules already initialized, skipping
Refreshing native plugins compatible for Editor in 1.90 ms, found 0 plugins.
Preloading 0 native plugins for Editor in 0.00 ms.
Unloading 1597 Unused Serialized files (Serialized files now loaded: 0)
System memory in use before: 153.4 MB.
System memory in use after: 153.5 MB.

Unloading 27 unused Assets to reduce memory usage. Loaded Objects now: 2155.
Total: 13.414300 ms (FindLiveObjects: 3.329000 ms CreateObjectMapping: 0.349300 ms MarkObjects: 9.497500 ms  DeleteObjects: 0.234100 ms)

========================================================================
Received Prepare
Refreshing native plugins compatible for Editor in 15.75 ms, found 0 plugins.
Preloading 0 native plugins for Editor in 0.00 ms.
Unloading 24 Unused Serialized files (Serialized files now loaded: 0)
System memory in use before: 121.7 MB.
System memory in use after: 121.8 MB.

Unloading 24 unused Assets to reduce memory usage. Loaded Objects now: 2155.
Total: 8.006500 ms (FindLiveObjects: 0.521200 ms CreateObjectMapping: 0.239600 ms MarkObjects: 6.971300 ms  DeleteObjects: 0.270300 ms)

AssetImportWorkerClient::OnTransportError - code=2 error=End of file
